hyprland
uwsm
hypridle
hyprlock
hyprsunset
hyprshot
xdg-desktop-portal-hyprland
pipewire
pipewire-alsa
pipewire-pulse
wireplumber
mako
rofi
walker
waybar
kitty
dolphin
zsh
starship
tmux
lazygit
wlogout
grim
slurp
swappy
cliphist
wl-clipboard
wl-paste
fastfetch
btop
htop
git
neovim
nano
curl
wget
unzip
zip
p7zip
rsync
openssh
bat
fzf
ripgrep
fd
jq
yq
tldr
tree
ncdu
bottom
tokei
dust
exa
procs
lsd
noto-fonts
noto-fonts-cjk
noto-fonts-extra
ttf-jetbrains-mono
ttf-jetbrains-mono-nerd
ttf-font-awesome
ttf-firacode-nerd
gtk3
qt5ct
qt6ct
kvantum
papirus-icon-theme
papirus-folders
catppuccin-gtk-theme
catppuccin-cursors-mocha
dracula-icons-git
file-roller
gedit
imagemagick
ffmpeg
mpv
firefox
thunderbird
vlc
gimp
blender
obs-studio
audacity
inkscape
krita
libreoffice-still
reflector
pacman-contrib
base-devel
linux-headers
